<?xml version="1.0" encoding="UTF-8"?>
<testsuite xmlns:xsi="http://www.w3.org/2001/XMLSchema-instance" xsi:schemaLocation="https://maven.apache.org/surefire/maven-surefire-plugin/xsd/surefire-test-report.xsd" name="com.webcheckers.controllers.UserControllerTest" time="0.008" tests="4" errors="0" skipped="0" failures="0">
  <properties>
[...]
</properties>
  <testcase name="create_name_good" classname="com.webcheckers.controllers.UserControllerTest" time="0"/>
  <testcase name="create_user_bad" classname="com.webcheckers.controllers.UserControllerTest" time="0.006"/>
  <testcase name="new_user" classname="com.webcheckers.controllers.UserControllerTest" time="0"/>
  <testcase name="create_user_taken" classname="com.webcheckers.controllers.UserControllerTest" time="0"/>
</testsuite>